0 info it worked if it ends with ok
1 verbose cli [ '/usr/bin/node', '/usr/bin/npm', 'run', 'webpack-watch' ]
2 info using npm@3.10.5
3 info using node@v6.3.0
4 verbose run-script [ 'prewebpack-watch', 'webpack-watch', 'postwebpack-watch' ]
5 info lifecycle predict-pain-lab@1.0.0~prewebpack-watch: predict-pain-lab@1.0.0
6 silly lifecycle predict-pain-lab@1.0.0~prewebpack-watch: no script for prewebpack-watch, continuing
7 info lifecycle predict-pain-lab@1.0.0~webpack-watch: predict-pain-lab@1.0.0
8 verbose lifecycle predict-pain-lab@1.0.0~webpack-watch: unsafe-perm in lifecycle true
9 verbose lifecycle predict-pain-lab@1.0.0~webpack-watch: PATH: /usr/lib/node_modules/npm/bin/node-gyp-bin:/home/mischka/projects/predict-pain-lab/node_modules/.bin:/usr/bin:/home/mischka/.local/bin:./venv/bin:/home/mischka/go/bin:/home/mischka/.gem/ruby/2.3.0/bin:/usr/local/sbin:/usr/local/bin:/usr/bin:/opt/android-sdk/platform-tools:/usr/lib/jvm/default/bin:/usr/bin/site_perl:/usr/bin/vendor_perl:/usr/bin/core_perl
10 verbose lifecycle predict-pain-lab@1.0.0~webpack-watch: CWD: /home/mischka/projects/predict-pain-lab
11 silly lifecycle predict-pain-lab@1.0.0~webpack-watch: Args: [ '-c', 'webpack --progress --color --watch' ]
12 silly lifecycle predict-pain-lab@1.0.0~webpack-watch: Returned: code: 1  signal: null
13 info lifecycle predict-pain-lab@1.0.0~webpack-watch: Failed to exec webpack-watch script
14 verbose stack Error: predict-pain-lab@1.0.0 webpack-watch: `webpack --progress --color --watch`
14 verbose stack Exit status 1
14 verbose stack     at EventEmitter.<anonymous> (/usr/lib/node_modules/npm/lib/utils/lifecycle.js:242:16)
14 verbose stack     at emitTwo (events.js:106:13)
14 verbose stack     at EventEmitter.emit (events.js:191:7)
14 verbose stack     at ChildProcess.<anonymous> (/usr/lib/node_modules/npm/lib/utils/spawn.js:40:14)
14 verbose stack     at emitTwo (events.js:106:13)
14 verbose stack     at ChildProcess.emit (events.js:191:7)
14 verbose stack     at maybeClose (internal/child_process.js:852:16)
14 verbose stack     at Process.ChildProcess._handle.onexit (internal/child_process.js:215:5)
15 verbose pkgid predict-pain-lab@1.0.0
16 verbose cwd /home/mischka/projects/predict-pain-lab
17 error Linux 4.6.4-1-ARCH
18 error argv "/usr/bin/node" "/usr/bin/npm" "run" "webpack-watch"
19 error node v6.3.0
20 error npm  v3.10.5
21 error code ELIFECYCLE
22 error predict-pain-lab@1.0.0 webpack-watch: `webpack --progress --color --watch`
22 error Exit status 1
23 error Failed at the predict-pain-lab@1.0.0 webpack-watch script 'webpack --progress --color --watch'.
23 error Make sure you have the latest version of node.js and npm installed.
23 error If you do, this is most likely a problem with the predict-pain-lab package,
23 error not with npm itself.
23 error Tell the author that this fails on your system:
23 error     webpack --progress --color --watch
23 error You can get information on how to open an issue for this project with:
23 error     npm bugs predict-pain-lab
23 error Or if that isn't available, you can get their info via:
23 error     npm owner ls predict-pain-lab
23 error There is likely additional logging output above.
24 verbose exit [ 1, true ]
